11:54:27	Initializing STAAD Engine
11:54:27	Run stream set up is complete.
11:54:27	Initialize license libraries.
11:54:28	License libraries initialized.
11:54:28	Starting license(s) for A & D engine.
11:54:28	License Status: Ok
11:54:28	License information set up is complete.
****************************************************************************
*                            START OF ANALYSIS                             *
****************************************************************************
* Initiating Analysis At Mon May  8 11:54:28 2023
                          PROGRAM: STAAD.Pro
                          VERSION: 22.12.00.142
                11:54:28:62  ENTERING STAAD
                11:54:28:62  USING 64 BIT STAAD ENGINE
                11:54:28:62  ENTERING MAINN
                11:54:28:62  START JOB INFORMATION
                11:54:28:62  INPUT WIDTH 79
                11:54:28:62  UNIT METER KN
                11:54:28:62  JOINT COORDINATES
                11:54:28:62  ENTERING JOINTC
                11:54:28:62  JOINTC NEWJ                                 400000
                11:54:28:63  MAX NODE NO.                                     4
                11:54:28:63  MEMBER INCIDENCES
                11:54:28:63  DEFINE MATERIAL START
                11:54:28:63  MEMBER PROPERTY
                11:54:28:69    ++ Finished Reading Member Properties ...
                11:54:28:69  CONSTANTS
                11:54:28:69  SUPPORTS
                11:54:28:69  ENTERING SUPPORT
                11:54:28:69  LOAD 1 LOADTYPE NONE
                11:54:28:69  DUPLICATE ELEMENT CHECK
                11:54:28:69  CHECKING STRUCTURAL INTEGRITY
                11:54:28:69  CHECK UNCONNECTED JOINTS AND
                11:54:28:69  CALCULATE MAX JOINT CONNECTIVITY
                11:54:28:69  CHECK MULTIPLE STRUCTURES
                11:54:28:69  ENTERING SUPPORT
                11:54:28:69  NRJOLD                                           0
                11:54:28:69  SUPPORT NOLD                                     0
                11:54:28:69  SUPPORT N                                        9
                11:54:28:69  BEFORE LOADPR
                11:54:28:69  REOPEN AS DIR                                    0
                11:54:28:69  ENTER LOADPR
                11:54:28:69  PERFORM ANALYSIS
                11:54:28:69  pdel iter                                        0
                11:54:28:69  MAXIMUM E =                           3.149987E+03
                11:54:28:69  MINIMUM E =                           3.149987E+03
                11:54:28:69  MBW DOF BAND=                                    1
                11:54:28:69  NUMBER OF PRIMARY CASES                          4
                11:54:28:69  NUMBER OF CASES                                 58
                11:54:28:69  #OF CASES W/ELEM INMEMORY                       58
                11:54:28:69  Using 64-bit analysis engine
                11:54:28:69  BEFORE SOLVER 1
                11:54:28:69  Start Input for Next Load Case
                11:54:28:69  case no=    1 seq. no=   1 idynl= 0
                11:54:28:69  MASSSET                                          0
                11:54:28:69  LOADEND ISLAVE                                   0
                11:54:28:69  Start Input for Next Load Case
                11:54:28:69  case no=    2 seq. no=   2 idynl= 0
                11:54:28:69  LOADEND ISLAVE                                   0
                11:54:28:69  Start Input for Next Load Case
                11:54:28:69  case no=    3 seq. no=   3 idynl= 0
                11:54:28:69  LOADEND ISLAVE                                   0
                11:54:28:69  Start Input for Next Load Case
                11:54:28:69  case no=    4 seq. no=   4 idynl= 0
                11:54:28:69  LOADEND ISLAVE                                   0
                11:54:28:69  NVPREV                                           0
                11:54:28:69  AMAXNON                               2.624678E+00
                11:54:28:69  IRECSIZL=                                     4000
                11:54:28:69  MTX BLOCKSIZE=                                   9
                11:54:28:69  MI=                                              9
                11:54:28:69  NORECL=                                          1
                11:54:28:69  NORECL1=                                         1
                11:54:28:69  IWORD=                                       32000
                11:54:28:69  JRECSIZE=                                     4000
                11:54:28:69  IWORDJ=                                      32000
                11:54:28:69  IBYTE=                                           4
                11:54:28:69  JOINTS=                                          4
                11:54:28:69  MEMBERS=                                         3
                11:54:28:71  PLATES =                                         0
                11:54:28:71  SOLIDS =                                         0
                11:54:28:71  NO. OF EQUATIONS=                                9
                11:54:28:71  idyn=                                            0
                11:54:28:71  ipd=                                             0
                11:54:28:71  icablanl=                                        0
                11:54:28:71  ++ Processing Element Stiffness Matrix.
                11:54:28:71  NV1                                              4
                11:54:28:80  ++ Calculating Element Forces & Reactions.
                11:54:28:80  COMBINATION CASES=                               1
                11:54:28:80  MAX CM MEMORY (KILOWORDS)                      248
                11:54:28:80  AFTER SOLVER 1
                11:54:28:80  REOPEN AS SEQ                                    0
                11:54:28:80  PERFORM ANALYSIS
                11:54:28:80  FINISH
                11:54:28:80  All Commands FINISHed
                11:54:28:80  DATASAVE for SPRO GUI
                11:54:28:80  ++ Creating Displacement File (DSP)...
                11:54:28:80  ++ Creating Reaction File (REA)...
                11:54:28:82  ++ Creating Section Force File (BEN)...
                11:54:28:82  ENTERING SECTNM110 IQ=                           3
                11:54:28:82               NSEC=                              11
                11:54:28:82             ISECTN=                               0
                11:54:28:82  SECTNM110 DO 925
                11:54:28:82  SECTNM110 DO 932
                11:54:28:82  ++ Creating Section Force File (BMD)...
                11:54:28:82  ++ Creating Section Displace File (SEC)...
                11:54:28:82  ENTERING ENVLP1 ITYP1=                          -5
                11:54:28:82  SECT DISPLACE
                11:54:28:82  ++ Creating Section Displace File (SCN)...
                11:54:28:82  ALLOCATED CM MEMORY (KILOWORDS)             300000
                11:54:28:82  MAX CM MEMORY (KILOWORDS)                      248
                11:54:28:82  DBS LONG SEC NAME
* End Of Analysis At Mon May  8 11:54:28 2023
* CPU usage = 0.235000
* STAAD Exit Code: 100, Warning Count: 1, Error Count: 0, Duration: 0.235
1 1 0 0.235
****************************************************************************
*                            END OF ANALYSIS                               *
****************************************************************************
