05/25/2023 12:56:30	Reading UID database.
05/25/2023 12:56:30	Start loading STAAD model.
05/25/2023 12:56:31	Reading model file.
05/25/2023 12:56:31	Reading model file is complete.
05/25/2023 12:56:31	Processing support.
05/25/2023 12:56:31	Processing springs.
05/25/2023 12:56:31	Processing properties.
05/25/2023 12:56:31	Processing physical properties.
05/25/2023 12:56:31	Processing constants.
05/25/2023 12:56:31	Processing BETA constants.
05/25/2023 12:56:31	Processing hidden analytical member loads.
05/25/2023 12:56:31	Processing command list for member release.
05/25/2023 12:56:31	Processing command list for member offset.
05/25/2023 12:56:31	Processing command list for member specs (cracked).
05/25/2023 12:56:31	Processing command list for member specs (axial).
05/25/2023 12:56:31	Processing command list for element release.
05/25/2023 12:56:31	Processing command list for element offset.
05/25/2023 12:56:31	Processing command list for element plate stress directive.
05/25/2023 12:56:31	Processing parameter for Chinese wind load case.
05/25/2023 12:56:31	End Processing command list.
05/25/2023 12:56:31	End loading STAAD model.
05/25/2023 12:56:31	Start Post Analysis method
05/25/2023 12:56:31	Removed all hidden plates from surfaces
05/25/2023 12:56:31	Removed all hidden plates
05/25/2023 12:56:31	Removed all hidden nodes
05/25/2023 12:56:31	Loading results from MSH file...
05/25/2023 12:56:31	Building result indices...
05/25/2023 12:56:31	Loading plate stress results...
05/25/2023 12:56:31	Set analysis report setup data
05/25/2023 12:56:31	Starting page setup...
05/25/2023 12:56:31	Page setup completed
05/25/2023 12:56:31	Setting available workflows...
05/25/2023 12:56:31	Post analysis method ends
05/25/2023 12:56:38	User interruption is enabled while drawing
05/25/2023 12:56:43	User interruption is enabled while drawing
05/25/2023 12:56:45	User interruption is enabled while drawing
05/25/2023 12:56:49	User interruption is enabled while drawing
05/25/2023 12:57:03	User interruption is enabled while drawing
05/25/2023 12:58:36	User interruption is enabled while drawing
05/25/2023 13:09:06	User interruption is enabled while drawing
